2025-10-27 06:09:57,360 - ChronoSage - INFO - Logging initialized. Log file: logs/chronosage_20251027_060957.log
2025-10-27 06:09:57,361 - ChronoSage - INFO - ================================================================================
2025-10-27 06:09:57,361 - ChronoSage - INFO - ChronoSage - Predictive Intelligence Engine
2025-10-27 06:09:57,361 - ChronoSage - INFO - ================================================================================
2025-10-27 06:09:57,361 - ChronoSage - INFO - Starting ChronoSage API server
2025-10-27 06:09:58,070 - ChronoSage - INFO - Logging initialized. Log file: logs/chronosage_20251027_060958.log
2025-10-27 06:09:58,070 - ChronoSage.Ingestion - INFO - DataIngestion module initialized
2025-10-27 06:09:58,070 - ChronoSage.CausalModel - INFO - CausalGraphBuilder initialized
2025-10-27 06:09:58,070 - ChronoSage.Simulation - INFO - ScenarioSimulator initialized
2025-10-27 06:09:58,070 - ChronoSage.Automation - INFO - Pipeline initialized successfully
2025-10-27 06:09:58,071 - ChronoSage.Automation - INFO - MonitoringService initialized
2025-10-27 06:09:58,217 - ChronoSage - INFO - API server will start on 0.0.0.0:5000
2025-10-27 06:10:01,519 - watchfiles.main - INFO - 1 change detected
2025-10-27 06:10:01,870 - watchfiles.main - INFO - 10 changes detected
2025-10-27 06:10:02,221 - watchfiles.main - INFO - 1 change detected
2025-10-27 06:10:02,575 - watchfiles.main - INFO - 1 change detected
2025-10-27 06:10:02,926 - watchfiles.main - INFO - 1 change detected
2025-10-27 06:10:03,277 - watchfiles.main - INFO - 1 change detected
2025-10-27 06:10:03,630 - watchfiles.main - INFO - 1 change detected
2025-10-27 06:10:03,985 - watchfiles.main - INFO - 1 change detected
2025-10-27 06:10:04,336 - watchfiles.main - INFO - 1 change detected
2025-10-27 06:10:04,687 - watchfiles.main - INFO - 1 change detected
2025-10-27 06:10:05,037 - watchfiles.main - INFO - 1 change detected
2025-10-27 06:10:05,388 - watchfiles.main - INFO - 1 change detected
2025-10-27 06:10:05,739 - watchfiles.main - INFO - 1 change detected
2025-10-27 06:10:06,089 - watchfiles.main - INFO - 1 change detected
2025-10-27 06:10:06,440 - watchfiles.main - INFO - 1 change detected
2025-10-27 06:10:06,790 - watchfiles.main - INFO - 1 change detected
2025-10-27 06:10:07,291 - watchfiles.main - INFO - 10 changes detected
2025-10-27 06:10:07,642 - watchfiles.main - INFO - 1 change detected
2025-10-27 06:10:07,996 - watchfiles.main - INFO - 1 change detected
2025-10-27 06:10:08,347 - watchfiles.main - INFO - 1 change detected
2025-10-27 06:10:08,698 - watchfiles.main - INFO - 1 change detected
2025-10-27 06:10:09,049 - watchfiles.main - INFO - 1 change detected
2025-10-27 06:10:09,400 - watchfiles.main - INFO - 1 change detected
2025-10-27 06:10:09,751 - watchfiles.main - INFO - 1 change detected
2025-10-27 06:10:10,101 - watchfiles.main - INFO - 1 change detected
2025-10-27 06:10:10,452 - watchfiles.main - INFO - 1 change detected
2025-10-27 06:10:10,803 - watchfiles.main - INFO - 1 change detected
2025-10-27 06:10:11,153 - watchfiles.main - INFO - 1 change detected
2025-10-27 06:10:11,505 - watchfiles.main - INFO - 1 change detected
2025-10-27 06:10:11,856 - watchfiles.main - INFO - 1 change detected
2025-10-27 06:10:12,207 - watchfiles.main - INFO - 1 change detected
2025-10-27 06:10:12,558 - watchfiles.main - INFO - 1 change detected
2025-10-27 06:10:12,910 - watchfiles.main - INFO - 1 change detected
2025-10-27 06:10:13,260 - watchfiles.main - INFO - 1 change detected
2025-10-27 06:10:13,611 - watchfiles.main - INFO - 1 change detected
2025-10-27 06:10:13,963 - watchfiles.main - INFO - 1 change detected
2025-10-27 06:10:14,315 - watchfiles.main - INFO - 3 changes detected
2025-10-27 06:10:14,666 - watchfiles.main - INFO - 1 change detected
2025-10-27 06:10:15,017 - watchfiles.main - INFO - 1 change detected
2025-10-27 06:10:15,368 - watchfiles.main - INFO - 1 change detected
2025-10-27 06:10:15,719 - watchfiles.main - INFO - 1 change detected
2025-10-27 06:10:16,069 - watchfiles.main - INFO - 1 change detected
2025-10-27 06:10:16,420 - watchfiles.main - INFO - 1 change detected
2025-10-27 06:10:16,771 - watchfiles.main - INFO - 1 change detected
2025-10-27 06:10:17,123 - watchfiles.main - INFO - 1 change detected
2025-10-27 06:10:17,474 - watchfiles.main - INFO - 1 change detected
2025-10-27 06:10:17,825 - watchfiles.main - INFO - 1 change detected
2025-10-27 06:10:18,175 - watchfiles.main - INFO - 1 change detected
2025-10-27 06:10:18,526 - watchfiles.main - INFO - 1 change detected
2025-10-27 06:10:18,878 - watchfiles.main - INFO - 1 change detected
2025-10-27 06:10:19,229 - watchfiles.main - INFO - 1 change detected
2025-10-27 06:10:19,580 - watchfiles.main - INFO - 3 changes detected
2025-10-27 06:10:19,930 - watchfiles.main - INFO - 3 changes detected
2025-10-27 06:10:20,281 - watchfiles.main - INFO - 1 change detected
2025-10-27 06:10:20,632 - watchfiles.main - INFO - 1 change detected
2025-10-27 06:10:20,983 - watchfiles.main - INFO - 1 change detected
2025-10-27 06:10:21,333 - watchfiles.main - INFO - 1 change detected
2025-10-27 06:10:21,684 - watchfiles.main - INFO - 1 change detected
2025-10-27 06:10:22,040 - watchfiles.main - INFO - 1 change detected
2025-10-27 06:10:22,391 - watchfiles.main - INFO - 1 change detected
2025-10-27 06:10:22,741 - watchfiles.main - INFO - 1 change detected
2025-10-27 06:10:23,092 - watchfiles.main - INFO - 1 change detected
2025-10-27 06:10:23,443 - watchfiles.main - INFO - 1 change detected
2025-10-27 06:10:23,794 - watchfiles.main - INFO - 1 change detected
2025-10-27 06:10:24,145 - watchfiles.main - INFO - 1 change detected
2025-10-27 06:10:24,495 - watchfiles.main - INFO - 1 change detected
2025-10-27 06:10:24,846 - watchfiles.main - INFO - 1 change detected
2025-10-27 06:10:25,197 - watchfiles.main - INFO - 1 change detected
2025-10-27 06:10:25,548 - watchfiles.main - INFO - 1 change detected
2025-10-27 06:10:25,898 - watchfiles.main - INFO - 1 change detected
2025-10-27 06:10:26,249 - watchfiles.main - INFO - 1 change detected
2025-10-27 06:10:26,600 - watchfiles.main - INFO - 1 change detected
2025-10-27 06:10:26,951 - watchfiles.main - INFO - 1 change detected
2025-10-27 06:10:27,303 - watchfiles.main - INFO - 1 change detected
2025-10-27 06:10:27,655 - watchfiles.main - INFO - 1 change detected
2025-10-27 06:10:28,008 - watchfiles.main - INFO - 1 change detected
2025-10-27 06:10:28,361 - watchfiles.main - INFO - 1 change detected
2025-10-27 06:10:28,713 - watchfiles.main - INFO - 1 change detected
2025-10-27 06:10:29,064 - watchfiles.main - INFO - 1 change detected
2025-10-27 06:10:29,414 - watchfiles.main - INFO - 1 change detected
2025-10-27 06:10:29,765 - watchfiles.main - INFO - 1 change detected
2025-10-27 06:10:30,116 - watchfiles.main - INFO - 1 change detected
2025-10-27 06:10:30,467 - watchfiles.main - INFO - 1 change detected
2025-10-27 06:10:30,817 - watchfiles.main - INFO - 1 change detected
2025-10-27 06:10:31,168 - watchfiles.main - INFO - 1 change detected
2025-10-27 06:10:31,519 - watchfiles.main - INFO - 1 change detected
2025-10-27 06:10:31,870 - watchfiles.main - INFO - 1 change detected
2025-10-27 06:10:32,221 - watchfiles.main - INFO - 1 change detected
2025-10-27 06:10:32,573 - watchfiles.main - INFO - 1 change detected
2025-10-27 06:10:32,924 - watchfiles.main - INFO - 1 change detected
2025-10-27 06:10:33,275 - watchfiles.main - INFO - 1 change detected
2025-10-27 06:10:33,625 - watchfiles.main - INFO - 1 change detected
2025-10-27 06:10:33,976 - watchfiles.main - INFO - 1 change detected
2025-10-27 06:10:34,327 - watchfiles.main - INFO - 1 change detected
2025-10-27 06:10:34,677 - watchfiles.main - INFO - 1 change detected
2025-10-27 06:10:35,028 - watchfiles.main - INFO - 1 change detected
2025-10-27 06:10:35,379 - watchfiles.main - INFO - 1 change detected
2025-10-27 06:10:35,730 - watchfiles.main - INFO - 1 change detected
2025-10-27 06:10:36,081 - watchfiles.main - INFO - 1 change detected
2025-10-27 06:10:36,431 - watchfiles.main - INFO - 1 change detected
2025-10-27 06:10:36,782 - watchfiles.main - INFO - 1 change detected
2025-10-27 06:10:37,133 - watchfiles.main - INFO - 1 change detected
2025-10-27 06:10:37,483 - watchfiles.main - INFO - 1 change detected
2025-10-27 06:10:37,834 - watchfiles.main - INFO - 1 change detected
2025-10-27 06:10:38,185 - watchfiles.main - INFO - 1 change detected
2025-10-27 06:10:38,538 - watchfiles.main - INFO - 1 change detected
2025-10-27 06:10:38,888 - watchfiles.main - INFO - 1 change detected
2025-10-27 06:10:39,239 - watchfiles.main - INFO - 1 change detected
2025-10-27 06:10:39,590 - watchfiles.main - INFO - 1 change detected
2025-10-27 06:10:39,941 - watchfiles.main - INFO - 1 change detected
2025-10-27 06:10:40,294 - watchfiles.main - INFO - 1 change detected
2025-10-27 06:10:40,645 - watchfiles.main - INFO - 1 change detected
2025-10-27 06:10:40,996 - watchfiles.main - INFO - 1 change detected
2025-10-27 06:10:41,347 - watchfiles.main - INFO - 1 change detected
2025-10-27 06:10:41,697 - watchfiles.main - INFO - 1 change detected
2025-10-27 06:10:42,048 - watchfiles.main - INFO - 1 change detected
2025-10-27 06:10:42,399 - watchfiles.main - INFO - 1 change detected
2025-10-27 06:10:42,750 - watchfiles.main - INFO - 1 change detected
2025-10-27 06:10:43,100 - watchfiles.main - INFO - 1 change detected
2025-10-27 06:10:43,451 - watchfiles.main - INFO - 1 change detected
2025-10-27 06:10:43,802 - watchfiles.main - INFO - 1 change detected
2025-10-27 06:10:44,152 - watchfiles.main - INFO - 1 change detected
2025-10-27 06:10:44,503 - watchfiles.main - INFO - 1 change detected
2025-10-27 06:10:44,853 - watchfiles.main - INFO - 1 change detected
2025-10-27 06:10:45,204 - watchfiles.main - INFO - 1 change detected
2025-10-27 06:10:45,555 - watchfiles.main - INFO - 1 change detected
2025-10-27 06:10:45,906 - watchfiles.main - INFO - 1 change detected
2025-10-27 06:10:46,256 - watchfiles.main - INFO - 1 change detected
2025-10-27 06:10:46,609 - watchfiles.main - INFO - 1 change detected
2025-10-27 06:10:46,959 - watchfiles.main - INFO - 1 change detected
2025-10-27 06:10:47,319 - watchfiles.main - INFO - 1 change detected
2025-10-27 06:10:47,669 - watchfiles.main - INFO - 1 change detected
2025-10-27 06:10:48,020 - watchfiles.main - INFO - 1 change detected
2025-10-27 06:10:48,370 - watchfiles.main - INFO - 1 change detected
2025-10-27 06:10:48,721 - watchfiles.main - INFO - 1 change detected
2025-10-27 06:10:49,072 - watchfiles.main - INFO - 1 change detected
2025-10-27 06:10:49,425 - watchfiles.main - INFO - 1 change detected
2025-10-27 06:10:49,776 - watchfiles.main - INFO - 1 change detected
2025-10-27 06:10:50,128 - watchfiles.main - INFO - 1 change detected
2025-10-27 06:10:50,479 - watchfiles.main - INFO - 1 change detected
2025-10-27 06:10:50,829 - watchfiles.main - INFO - 1 change detected
2025-10-27 06:10:51,180 - watchfiles.main - INFO - 1 change detected
2025-10-27 06:10:51,530 - watchfiles.main - INFO - 1 change detected
2025-10-27 06:10:51,881 - watchfiles.main - INFO - 1 change detected
2025-10-27 06:10:52,233 - watchfiles.main - INFO - 1 change detected
2025-10-27 06:10:52,583 - watchfiles.main - INFO - 1 change detected
2025-10-27 06:10:52,934 - watchfiles.main - INFO - 1 change detected
2025-10-27 06:10:53,285 - watchfiles.main - INFO - 1 change detected
2025-10-27 06:10:53,635 - watchfiles.main - INFO - 1 change detected
2025-10-27 06:10:53,986 - watchfiles.main - INFO - 1 change detected
2025-10-27 06:10:54,337 - watchfiles.main - INFO - 1 change detected
2025-10-27 06:10:54,687 - watchfiles.main - INFO - 1 change detected
2025-10-27 06:10:55,039 - watchfiles.main - INFO - 1 change detected
2025-10-27 06:10:55,390 - watchfiles.main - INFO - 1 change detected
2025-10-27 06:10:55,740 - watchfiles.main - INFO - 1 change detected
2025-10-27 06:10:56,091 - watchfiles.main - INFO - 1 change detected
2025-10-27 06:10:56,442 - watchfiles.main - INFO - 1 change detected
2025-10-27 06:10:56,793 - watchfiles.main - INFO - 1 change detected
2025-10-27 06:10:57,144 - watchfiles.main - INFO - 1 change detected
2025-10-27 06:10:57,494 - watchfiles.main - INFO - 1 change detected
2025-10-27 06:10:57,846 - watchfiles.main - INFO - 1 change detected
2025-10-27 06:10:58,197 - watchfiles.main - INFO - 1 change detected
2025-10-27 06:10:58,548 - watchfiles.main - INFO - 1 change detected
2025-10-27 06:10:58,898 - watchfiles.main - INFO - 1 change detected
2025-10-27 06:10:59,249 - watchfiles.main - INFO - 1 change detected
2025-10-27 06:10:59,601 - watchfiles.main - INFO - 1 change detected
2025-10-27 06:10:59,952 - watchfiles.main - INFO - 1 change detected
2025-10-27 06:11:00,302 - watchfiles.main - INFO - 1 change detected
2025-10-27 06:11:00,653 - watchfiles.main - INFO - 1 change detected
2025-10-27 06:11:01,004 - watchfiles.main - INFO - 1 change detected
2025-10-27 06:11:01,355 - watchfiles.main - INFO - 1 change detected
2025-10-27 06:11:01,705 - watchfiles.main - INFO - 1 change detected
2025-10-27 06:11:02,057 - watchfiles.main - INFO - 1 change detected
2025-10-27 06:11:02,407 - watchfiles.main - INFO - 1 change detected
2025-10-27 06:11:02,758 - watchfiles.main - INFO - 1 change detected
2025-10-27 06:11:03,125 - watchfiles.main - INFO - 1 change detected
2025-10-27 06:11:03,476 - watchfiles.main - INFO - 1 change detected
2025-10-27 06:11:03,827 - watchfiles.main - INFO - 1 change detected
2025-10-27 06:11:04,177 - watchfiles.main - INFO - 1 change detected
2025-10-27 06:11:04,528 - watchfiles.main - INFO - 1 change detected
2025-10-27 06:11:04,879 - watchfiles.main - INFO - 1 change detected
2025-10-27 06:11:05,229 - watchfiles.main - INFO - 1 change detected
2025-10-27 06:11:05,581 - watchfiles.main - INFO - 1 change detected
2025-10-27 06:11:05,931 - watchfiles.main - INFO - 1 change detected
2025-10-27 06:11:06,282 - watchfiles.main - INFO - 1 change detected
2025-10-27 06:11:06,633 - watchfiles.main - INFO - 1 change detected
2025-10-27 06:11:06,984 - watchfiles.main - INFO - 1 change detected
2025-10-27 06:11:07,337 - watchfiles.main - INFO - 1 change detected
2025-10-27 06:11:07,688 - watchfiles.main - INFO - 1 change detected
2025-10-27 06:11:08,040 - watchfiles.main - INFO - 1 change detected
2025-10-27 06:11:08,391 - watchfiles.main - INFO - 1 change detected
2025-10-27 06:11:08,741 - watchfiles.main - INFO - 1 change detected
2025-10-27 06:11:09,093 - watchfiles.main - INFO - 1 change detected
2025-10-27 06:11:09,443 - watchfiles.main - INFO - 1 change detected
2025-10-27 06:11:09,794 - watchfiles.main - INFO - 1 change detected
2025-10-27 06:11:10,145 - watchfiles.main - INFO - 1 change detected
2025-10-27 06:11:10,496 - watchfiles.main - INFO - 1 change detected
2025-10-27 06:11:10,846 - watchfiles.main - INFO - 1 change detected
2025-10-27 06:11:11,197 - watchfiles.main - INFO - 1 change detected
2025-10-27 06:11:11,550 - watchfiles.main - INFO - 1 change detected
2025-10-27 06:11:11,900 - watchfiles.main - INFO - 1 change detected
2025-10-27 06:11:12,251 - watchfiles.main - INFO - 1 change detected
2025-10-27 06:11:12,601 - watchfiles.main - INFO - 1 change detected
2025-10-27 06:11:12,952 - watchfiles.main - INFO - 1 change detected
2025-10-27 06:11:13,302 - watchfiles.main - INFO - 1 change detected
2025-10-27 06:11:13,656 - watchfiles.main - INFO - 1 change detected
2025-10-27 06:11:14,006 - watchfiles.main - INFO - 1 change detected
2025-10-27 06:11:14,357 - watchfiles.main - INFO - 1 change detected
2025-10-27 06:11:14,709 - watchfiles.main - INFO - 1 change detected
2025-10-27 06:11:15,060 - watchfiles.main - INFO - 1 change detected
2025-10-27 06:11:15,411 - watchfiles.main - INFO - 1 change detected
2025-10-27 06:11:15,762 - watchfiles.main - INFO - 1 change detected
2025-10-27 06:11:16,113 - watchfiles.main - INFO - 1 change detected
2025-10-27 06:11:16,464 - watchfiles.main - INFO - 1 change detected
2025-10-27 06:11:16,815 - watchfiles.main - INFO - 1 change detected
2025-10-27 06:11:17,170 - watchfiles.main - INFO - 1 change detected
2025-10-27 06:11:17,520 - watchfiles.main - INFO - 1 change detected
2025-10-27 06:11:17,871 - watchfiles.main - INFO - 1 change detected
2025-10-27 06:11:18,222 - watchfiles.main - INFO - 1 change detected
2025-10-27 06:11:18,573 - watchfiles.main - INFO - 1 change detected
2025-10-27 06:11:18,924 - watchfiles.main - INFO - 1 change detected
2025-10-27 06:11:19,277 - watchfiles.main - INFO - 1 change detected
2025-10-27 06:11:19,629 - watchfiles.main - INFO - 1 change detected
2025-10-27 06:11:19,982 - watchfiles.main - INFO - 1 change detected
2025-10-27 06:11:20,334 - watchfiles.main - INFO - 1 change detected
2025-10-27 06:11:20,686 - watchfiles.main - INFO - 1 change detected
2025-10-27 06:11:21,037 - watchfiles.main - INFO - 1 change detected
2025-10-27 06:11:21,388 - watchfiles.main - INFO - 1 change detected
2025-10-27 06:11:21,739 - watchfiles.main - INFO - 1 change detected
2025-10-27 06:11:22,090 - watchfiles.main - INFO - 1 change detected
2025-10-27 06:11:22,440 - watchfiles.main - INFO - 1 change detected
2025-10-27 06:11:22,791 - watchfiles.main - INFO - 1 change detected
2025-10-27 06:11:23,143 - watchfiles.main - INFO - 1 change detected
2025-10-27 06:11:23,494 - watchfiles.main - INFO - 1 change detected
2025-10-27 06:11:23,845 - watchfiles.main - INFO - 1 change detected
2025-10-27 06:11:24,201 - watchfiles.main - INFO - 1 change detected
2025-10-27 06:11:24,552 - watchfiles.main - INFO - 1 change detected
2025-10-27 06:11:24,903 - watchfiles.main - INFO - 1 change detected
2025-10-27 06:11:25,254 - watchfiles.main - INFO - 1 change detected
2025-10-27 06:11:25,655 - watchfiles.main - INFO - 4 changes detected
2025-10-27 06:11:26,005 - watchfiles.main - INFO - 7 changes detected
2025-10-27 06:11:26,356 - watchfiles.main - INFO - 1 change detected
2025-10-27 06:11:26,707 - watchfiles.main - INFO - 1 change detected
2025-10-27 06:11:27,057 - watchfiles.main - INFO - 1 change detected
2025-10-27 06:11:27,408 - watchfiles.main - INFO - 1 change detected
2025-10-27 06:11:27,759 - watchfiles.main - INFO - 1 change detected
2025-10-27 06:11:28,110 - watchfiles.main - INFO - 1 change detected
2025-10-27 06:11:28,464 - watchfiles.main - INFO - 1 change detected
2025-10-27 06:11:28,815 - watchfiles.main - INFO - 1 change detected
2025-10-27 06:11:29,167 - watchfiles.main - INFO - 1 change detected
2025-10-27 06:11:29,517 - watchfiles.main - INFO - 1 change detected
2025-10-27 06:11:29,868 - watchfiles.main - INFO - 1 change detected
2025-10-27 06:11:30,219 - watchfiles.main - INFO - 1 change detected
2025-10-27 06:11:30,569 - watchfiles.main - INFO - 1 change detected
2025-10-27 06:11:30,920 - watchfiles.main - INFO - 1 change detected
2025-10-27 06:11:31,271 - watchfiles.main - INFO - 1 change detected
2025-10-27 06:11:31,622 - watchfiles.main - INFO - 1 change detected
2025-10-27 06:11:31,973 - watchfiles.main - INFO - 1 change detected
2025-10-27 06:11:32,323 - watchfiles.main - INFO - 1 change detected
2025-10-27 06:11:32,674 - watchfiles.main - INFO - 1 change detected
2025-10-27 06:11:33,025 - watchfiles.main - INFO - 1 change detected
2025-10-27 06:11:33,375 - watchfiles.main - INFO - 1 change detected
2025-10-27 06:11:33,776 - watchfiles.main - INFO - 3 changes detected
2025-10-27 06:11:34,126 - watchfiles.main - INFO - 1 change detected
2025-10-27 06:11:34,477 - watchfiles.main - INFO - 1 change detected
2025-10-27 06:11:34,828 - watchfiles.main - INFO - 1 change detected
2025-10-27 06:11:35,178 - watchfiles.main - INFO - 1 change detected
2025-10-27 06:11:35,529 - watchfiles.main - INFO - 1 change detected
2025-10-27 06:11:35,881 - watchfiles.main - INFO - 1 change detected
2025-10-27 06:11:36,232 - watchfiles.main - INFO - 1 change detected
2025-10-27 06:11:36,583 - watchfiles.main - INFO - 1 change detected
2025-10-27 06:11:36,933 - watchfiles.main - INFO - 1 change detected
2025-10-27 06:11:37,284 - watchfiles.main - INFO - 1 change detected
2025-10-27 06:11:37,637 - watchfiles.main - INFO - 1 change detected
2025-10-27 06:11:37,988 - watchfiles.main - INFO - 1 change detected
2025-10-27 06:11:38,340 - watchfiles.main - INFO - 1 change detected
2025-10-27 06:11:38,690 - watchfiles.main - INFO - 1 change detected
2025-10-27 06:11:39,041 - watchfiles.main - INFO - 1 change detected
2025-10-27 06:11:39,392 - watchfiles.main - INFO - 1 change detected
2025-10-27 06:11:39,743 - watchfiles.main - INFO - 1 change detected
2025-10-27 06:11:40,093 - watchfiles.main - INFO - 1 change detected
2025-10-27 06:11:40,444 - watchfiles.main - INFO - 1 change detected
2025-10-27 06:11:40,795 - watchfiles.main - INFO - 1 change detected
2025-10-27 06:11:41,147 - watchfiles.main - INFO - 1 change detected
2025-10-27 06:11:41,497 - watchfiles.main - INFO - 1 change detected
2025-10-27 06:11:41,851 - watchfiles.main - INFO - 3 changes detected
2025-10-27 06:11:42,203 - watchfiles.main - INFO - 1 change detected
2025-10-27 06:11:42,556 - watchfiles.main - INFO - 1 change detected
2025-10-27 06:11:42,911 - watchfiles.main - INFO - 1 change detected
2025-10-27 06:11:43,262 - watchfiles.main - INFO - 18 changes detected
2025-10-27 06:11:43,663 - watchfiles.main - INFO - 46 changes detected
2025-10-27 06:11:44,114 - watchfiles.main - INFO - 14 changes detected
2025-10-27 06:11:44,466 - watchfiles.main - INFO - 1 change detected
2025-10-27 06:11:44,817 - watchfiles.main - INFO - 1 change detected
2025-10-27 06:11:45,168 - watchfiles.main - INFO - 10 changes detected
2025-10-27 06:11:45,518 - watchfiles.main - INFO - 3 changes detected
2025-10-27 06:11:45,869 - watchfiles.main - INFO - 3 changes detected
2025-10-27 06:11:46,220 - watchfiles.main - INFO - 1 change detected
2025-10-27 06:11:46,570 - watchfiles.main - INFO - 1 change detected
2025-10-27 06:11:46,921 - watchfiles.main - INFO - 1 change detected
2025-10-27 06:11:47,273 - watchfiles.main - INFO - 1 change detected
2025-10-27 06:11:47,623 - watchfiles.main - INFO - 1 change detected
2025-10-27 06:11:47,974 - watchfiles.main - INFO - 1 change detected
2025-10-27 06:11:48,325 - watchfiles.main - INFO - 1 change detected
2025-10-27 06:11:48,676 - watchfiles.main - INFO - 1 change detected
2025-10-27 06:11:49,027 - watchfiles.main - INFO - 1 change detected
2025-10-27 06:11:49,379 - watchfiles.main - INFO - 1 change detected
2025-10-27 06:11:49,730 - watchfiles.main - INFO - 1 change detected
2025-10-27 06:11:50,081 - watchfiles.main - INFO - 1 change detected
2025-10-27 06:11:50,431 - watchfiles.main - INFO - 1 change detected
2025-10-27 06:11:50,782 - watchfiles.main - INFO - 1 change detected
2025-10-27 06:11:51,133 - watchfiles.main - INFO - 1 change detected
2025-10-27 06:11:51,484 - watchfiles.main - INFO - 1 change detected
2025-10-27 06:11:51,835 - watchfiles.main - INFO - 1 change detected
2025-10-27 06:11:52,186 - watchfiles.main - INFO - 1 change detected
2025-10-27 06:11:52,536 - watchfiles.main - INFO - 1 change detected
2025-10-27 06:11:52,895 - watchfiles.main - INFO - 1 change detected
2025-10-27 06:11:53,246 - watchfiles.main - INFO - 1 change detected
2025-10-27 06:11:53,597 - watchfiles.main - INFO - 1 change detected
2025-10-27 06:11:53,947 - watchfiles.main - INFO - 10 changes detected
2025-10-27 06:11:54,298 - watchfiles.main - INFO - 1 change detected
2025-10-27 06:11:54,654 - watchfiles.main - INFO - 3 changes detected
2025-10-27 06:11:55,005 - watchfiles.main - INFO - 3 changes detected
2025-10-27 06:11:55,355 - watchfiles.main - INFO - 1 change detected
2025-10-27 06:11:55,709 - watchfiles.main - INFO - 1 change detected
2025-10-27 06:11:56,059 - watchfiles.main - INFO - 1 change detected
2025-10-27 06:11:56,410 - watchfiles.main - INFO - 1 change detected
2025-10-27 06:11:56,761 - watchfiles.main - INFO - 1 change detected
2025-10-27 06:11:57,112 - watchfiles.main - INFO - 1 change detected
2025-10-27 06:11:57,463 - watchfiles.main - INFO - 1 change detected
2025-10-27 06:11:57,813 - watchfiles.main - INFO - 1 change detected
2025-10-27 06:11:58,164 - watchfiles.main - INFO - 1 change detected
2025-10-27 06:11:58,515 - watchfiles.main - INFO - 1 change detected
2025-10-27 06:11:58,865 - watchfiles.main - INFO - 1 change detected
2025-10-27 06:11:59,216 - watchfiles.main - INFO - 1 change detected
2025-10-27 06:11:59,567 - watchfiles.main - INFO - 1 change detected
2025-10-27 06:11:59,921 - watchfiles.main - INFO - 1 change detected
2025-10-27 06:12:00,271 - watchfiles.main - INFO - 1 change detected
2025-10-27 06:12:00,622 - watchfiles.main - INFO - 1 change detected
2025-10-27 06:12:00,973 - watchfiles.main - INFO - 1 change detected
2025-10-27 06:12:01,323 - watchfiles.main - INFO - 1 change detected
2025-10-27 06:12:01,674 - watchfiles.main - INFO - 1 change detected
2025-10-27 06:12:02,025 - watchfiles.main - INFO - 1 change detected
2025-10-27 06:12:02,379 - watchfiles.main - INFO - 1 change detected
2025-10-27 06:12:02,730 - watchfiles.main - INFO - 1 change detected
2025-10-27 06:12:03,080 - watchfiles.main - INFO - 1 change detected
2025-10-27 06:12:03,431 - watchfiles.main - INFO - 1 change detected
2025-10-27 06:12:03,782 - watchfiles.main - INFO - 1 change detected
2025-10-27 06:12:04,133 - watchfiles.main - INFO - 1 change detected
2025-10-27 06:12:04,484 - watchfiles.main - INFO - 1 change detected
2025-10-27 06:12:04,834 - watchfiles.main - INFO - 1 change detected
2025-10-27 06:12:05,185 - watchfiles.main - INFO - 1 change detected
2025-10-27 06:12:05,536 - watchfiles.main - INFO - 1 change detected
2025-10-27 06:12:05,886 - watchfiles.main - INFO - 1 change detected
2025-10-27 06:12:06,237 - watchfiles.main - INFO - 1 change detected
2025-10-27 06:12:06,589 - watchfiles.main - INFO - 1 change detected
2025-10-27 06:12:06,940 - watchfiles.main - INFO - 1 change detected
2025-10-27 06:12:07,290 - watchfiles.main - INFO - 1 change detected
2025-10-27 06:12:07,646 - watchfiles.main - INFO - 1 change detected
2025-10-27 06:12:07,998 - watchfiles.main - INFO - 1 change detected
2025-10-27 06:12:08,349 - watchfiles.main - INFO - 1 change detected
2025-10-27 06:12:08,700 - watchfiles.main - INFO - 1 change detected
2025-10-27 06:12:09,051 - watchfiles.main - INFO - 1 change detected
2025-10-27 06:12:09,401 - watchfiles.main - INFO - 1 change detected
2025-10-27 06:12:09,752 - watchfiles.main - INFO - 1 change detected
2025-10-27 06:12:10,103 - watchfiles.main - INFO - 1 change detected
2025-10-27 06:12:10,453 - watchfiles.main - INFO - 1 change detected
2025-10-27 06:12:10,805 - watchfiles.main - INFO - 1 change detected
2025-10-27 06:12:11,155 - watchfiles.main - INFO - 1 change detected
2025-10-27 06:12:11,507 - watchfiles.main - INFO - 1 change detected
2025-10-27 06:12:11,859 - watchfiles.main - INFO - 1 change detected
2025-10-27 06:12:12,211 - watchfiles.main - INFO - 1 change detected
2025-10-27 06:12:12,562 - watchfiles.main - INFO - 1 change detected
2025-10-27 06:12:12,912 - watchfiles.main - INFO - 1 change detected
2025-10-27 06:12:13,268 - watchfiles.main - INFO - 1 change detected
2025-10-27 06:12:13,622 - watchfiles.main - INFO - 1 change detected
2025-10-27 06:12:13,973 - watchfiles.main - INFO - 1 change detected
2025-10-27 06:12:14,324 - watchfiles.main - INFO - 1 change detected
2025-10-27 06:12:14,674 - watchfiles.main - INFO - 1 change detected
2025-10-27 06:12:15,026 - watchfiles.main - INFO - 1 change detected
2025-10-27 06:12:15,376 - watchfiles.main - INFO - 1 change detected
2025-10-27 06:12:15,727 - watchfiles.main - INFO - 1 change detected
2025-10-27 06:12:16,078 - watchfiles.main - INFO - 1 change detected
2025-10-27 06:12:16,429 - watchfiles.main - INFO - 1 change detected
2025-10-27 06:12:16,780 - watchfiles.main - INFO - 1 change detected
2025-10-27 06:12:17,130 - watchfiles.main - INFO - 1 change detected
2025-10-27 06:12:17,481 - watchfiles.main - INFO - 1 change detected
2025-10-27 06:12:17,835 - watchfiles.main - INFO - 1 change detected
2025-10-27 06:12:18,186 - watchfiles.main - INFO - 1 change detected
2025-10-27 06:12:18,536 - watchfiles.main - INFO - 1 change detected
2025-10-27 06:12:18,887 - watchfiles.main - INFO - 1 change detected
2025-10-27 06:12:19,238 - watchfiles.main - INFO - 1 change detected
2025-10-27 06:12:19,591 - watchfiles.main - INFO - 1 change detected
2025-10-27 06:12:19,942 - watchfiles.main - INFO - 1 change detected
2025-10-27 06:12:20,293 - watchfiles.main - INFO - 1 change detected
2025-10-27 06:12:20,643 - watchfiles.main - INFO - 1 change detected
2025-10-27 06:12:20,994 - watchfiles.main - INFO - 1 change detected
2025-10-27 06:12:21,396 - watchfiles.main - INFO - 10 changes detected
2025-10-27 06:12:21,747 - watchfiles.main - INFO - 1 change detected
2025-10-27 06:12:22,097 - watchfiles.main - INFO - 1 change detected
2025-10-27 06:12:22,448 - watchfiles.main - INFO - 1 change detected
2025-10-27 06:12:22,800 - watchfiles.main - INFO - 1 change detected
2025-10-27 06:12:23,151 - watchfiles.main - INFO - 1 change detected
2025-10-27 06:12:23,552 - watchfiles.main - INFO - 24 changes detected
2025-10-27 06:12:24,004 - watchfiles.main - INFO - 19 changes detected
2025-10-27 06:12:24,355 - watchfiles.main - INFO - 7 changes detected
2025-10-27 06:12:24,706 - watchfiles.main - INFO - 1 change detected
2025-10-27 06:12:25,158 - watchfiles.main - INFO - 10 changes detected
2025-10-27 06:12:25,510 - watchfiles.main - INFO - 12 changes detected
2025-10-27 06:12:25,861 - watchfiles.main - INFO - 3 changes detected
2025-10-27 06:12:26,212 - watchfiles.main - INFO - 1 change detected
2025-10-27 06:12:26,562 - watchfiles.main - INFO - 1 change detected
2025-10-27 06:12:26,913 - watchfiles.main - INFO - 1 change detected
2025-10-27 06:12:27,269 - watchfiles.main - INFO - 1 change detected
2025-10-27 06:12:27,620 - watchfiles.main - INFO - 1 change detected
2025-10-27 06:12:27,970 - watchfiles.main - INFO - 1 change detected
2025-10-27 06:12:28,321 - watchfiles.main - INFO - 1 change detected
2025-10-27 06:12:28,672 - watchfiles.main - INFO - 1 change detected
2025-10-27 06:12:29,023 - watchfiles.main - INFO - 1 change detected
2025-10-27 06:12:29,374 - watchfiles.main - INFO - 1 change detected
2025-10-27 06:12:29,725 - watchfiles.main - INFO - 1 change detected
2025-10-27 06:12:30,076 - watchfiles.main - INFO - 1 change detected
2025-10-27 06:12:30,426 - watchfiles.main - INFO - 1 change detected
2025-10-27 06:12:30,777 - watchfiles.main - INFO - 1 change detected
2025-10-27 06:12:31,128 - watchfiles.main - INFO - 1 change detected
2025-10-27 06:12:31,478 - watchfiles.main - INFO - 1 change detected
2025-10-27 06:12:31,829 - watchfiles.main - INFO - 1 change detected
2025-10-27 06:12:32,180 - watchfiles.main - INFO - 1 change detected
2025-10-27 06:12:32,531 - watchfiles.main - INFO - 1 change detected
2025-10-27 06:12:32,881 - watchfiles.main - INFO - 1 change detected
2025-10-27 06:12:33,232 - watchfiles.main - INFO - 1 change detected
2025-10-27 06:12:33,583 - watchfiles.main - INFO - 1 change detected
2025-10-27 06:12:33,933 - watchfiles.main - INFO - 1 change detected
2025-10-27 06:12:34,286 - watchfiles.main - INFO - 1 change detected
2025-10-27 06:12:34,636 - watchfiles.main - INFO - 3 changes detected
2025-10-27 06:12:34,987 - watchfiles.main - INFO - 3 changes detected
2025-10-27 06:12:35,338 - watchfiles.main - INFO - 1 change detected
2025-10-27 06:12:35,689 - watchfiles.main - INFO - 1 change detected
2025-10-27 06:12:36,039 - watchfiles.main - INFO - 1 change detected
2025-10-27 06:12:36,390 - watchfiles.main - INFO - 1 change detected
2025-10-27 06:12:36,741 - watchfiles.main - INFO - 1 change detected
2025-10-27 06:12:37,091 - watchfiles.main - INFO - 1 change detected
2025-10-27 06:12:37,442 - watchfiles.main - INFO - 1 change detected
2025-10-27 06:12:37,792 - watchfiles.main - INFO - 1 change detected
2025-10-27 06:12:38,143 - watchfiles.main - INFO - 1 change detected
2025-10-27 06:12:38,494 - watchfiles.main - INFO - 1 change detected
2025-10-27 06:12:38,844 - watchfiles.main - INFO - 1 change detected
2025-10-27 06:12:39,195 - watchfiles.main - INFO - 1 change detected
2025-10-27 06:12:39,546 - watchfiles.main - INFO - 1 change detected
2025-10-27 06:12:39,896 - watchfiles.main - INFO - 1 change detected
2025-10-27 06:12:40,247 - watchfiles.main - INFO - 1 change detected
2025-10-27 06:12:40,598 - watchfiles.main - INFO - 1 change detected
2025-10-27 06:12:40,949 - watchfiles.main - INFO - 1 change detected
2025-10-27 06:12:41,300 - watchfiles.main - INFO - 1 change detected
2025-10-27 06:12:41,651 - watchfiles.main - INFO - 1 change detected
2025-10-27 06:12:42,001 - watchfiles.main - INFO - 1 change detected
2025-10-27 06:12:42,352 - watchfiles.main - INFO - 1 change detected
2025-10-27 06:12:42,702 - watchfiles.main - INFO - 1 change detected
2025-10-27 06:12:43,053 - watchfiles.main - INFO - 1 change detected
2025-10-27 06:12:43,418 - watchfiles.main - INFO - 1 change detected
2025-10-27 06:12:43,769 - watchfiles.main - INFO - 1 change detected
2025-10-27 06:12:44,120 - watchfiles.main - INFO - 1 change detected
2025-10-27 06:12:44,470 - watchfiles.main - INFO - 1 change detected
2025-10-27 06:12:44,821 - watchfiles.main - INFO - 1 change detected
2025-10-27 06:12:45,171 - watchfiles.main - INFO - 1 change detected
2025-10-27 06:12:45,522 - watchfiles.main - INFO - 1 change detected
2025-10-27 06:12:45,873 - watchfiles.main - INFO - 1 change detected
2025-10-27 06:12:46,224 - watchfiles.main - INFO - 1 change detected
2025-10-27 06:12:46,574 - watchfiles.main - INFO - 1 change detected
2025-10-27 06:12:46,925 - watchfiles.main - INFO - 1 change detected
2025-10-27 06:12:47,276 - watchfiles.main - INFO - 1 change detected
2025-10-27 06:12:47,626 - watchfiles.main - INFO - 1 change detected
2025-10-27 06:12:47,977 - watchfiles.main - INFO - 1 change detected
2025-10-27 06:12:48,328 - watchfiles.main - INFO - 1 change detected
2025-10-27 06:12:48,678 - watchfiles.main - INFO - 1 change detected
2025-10-27 06:12:49,029 - watchfiles.main - INFO - 1 change detected
2025-10-27 06:12:49,382 - watchfiles.main - INFO - 1 change detected
2025-10-27 06:12:49,734 - watchfiles.main - INFO - 1 change detected
2025-10-27 06:12:50,085 - watchfiles.main - INFO - 1 change detected
2025-10-27 06:12:50,436 - watchfiles.main - INFO - 1 change detected
2025-10-27 06:12:50,786 - watchfiles.main - INFO - 1 change detected
2025-10-27 06:12:51,137 - watchfiles.main - INFO - 1 change detected
2025-10-27 06:12:51,488 - watchfiles.main - INFO - 1 change detected
2025-10-27 06:12:51,840 - watchfiles.main - INFO - 1 change detected
2025-10-27 06:12:52,191 - watchfiles.main - INFO - 1 change detected
2025-10-27 06:12:52,541 - watchfiles.main - INFO - 1 change detected
2025-10-27 06:12:52,892 - watchfiles.main - INFO - 1 change detected
2025-10-27 06:12:53,243 - watchfiles.main - INFO - 1 change detected
2025-10-27 06:12:53,594 - watchfiles.main - INFO - 1 change detected
2025-10-27 06:12:53,944 - watchfiles.main - INFO - 1 change detected
2025-10-27 06:12:54,295 - watchfiles.main - INFO - 1 change detected
2025-10-27 06:12:54,646 - watchfiles.main - INFO - 1 change detected
2025-10-27 06:12:54,999 - watchfiles.main - INFO - 1 change detected
2025-10-27 06:12:55,349 - watchfiles.main - INFO - 1 change detected
2025-10-27 06:12:55,700 - watchfiles.main - INFO - 1 change detected
2025-10-27 06:12:56,051 - watchfiles.main - INFO - 1 change detected
2025-10-27 06:12:56,401 - watchfiles.main - INFO - 1 change detected
2025-10-27 06:12:56,752 - watchfiles.main - INFO - 1 change detected
2025-10-27 06:12:57,103 - watchfiles.main - INFO - 1 change detected
2025-10-27 06:12:57,454 - watchfiles.main - INFO - 1 change detected
2025-10-27 06:12:57,804 - watchfiles.main - INFO - 1 change detected
2025-10-27 06:12:58,156 - watchfiles.main - INFO - 1 change detected
2025-10-27 06:12:58,506 - watchfiles.main - INFO - 1 change detected
2025-10-27 06:12:58,857 - watchfiles.main - INFO - 1 change detected
2025-10-27 06:12:59,209 - watchfiles.main - INFO - 1 change detected
2025-10-27 06:12:59,560 - watchfiles.main - INFO - 1 change detected
2025-10-27 06:12:59,911 - watchfiles.main - INFO - 1 change detected
2025-10-27 06:13:00,261 - watchfiles.main - INFO - 1 change detected
2025-10-27 06:13:00,612 - watchfiles.main - INFO - 1 change detected
2025-10-27 06:13:00,963 - watchfiles.main - INFO - 1 change detected
2025-10-27 06:13:01,313 - watchfiles.main - INFO - 1 change detected
2025-10-27 06:13:01,664 - watchfiles.main - INFO - 1 change detected
2025-10-27 06:13:02,015 - watchfiles.main - INFO - 1 change detected
2025-10-27 06:13:02,365 - watchfiles.main - INFO - 1 change detected
2025-10-27 06:13:02,716 - watchfiles.main - INFO - 1 change detected
2025-10-27 06:13:03,066 - watchfiles.main - INFO - 1 change detected
2025-10-27 06:13:03,417 - watchfiles.main - INFO - 1 change detected
2025-10-27 06:13:03,768 - watchfiles.main - INFO - 1 change detected
2025-10-27 06:13:04,119 - watchfiles.main - INFO - 1 change detected
2025-10-27 06:13:04,470 - watchfiles.main - INFO - 1 change detected
2025-10-27 06:13:04,820 - watchfiles.main - INFO - 1 change detected
2025-10-27 06:13:05,171 - watchfiles.main - INFO - 1 change detected
2025-10-27 06:13:05,522 - watchfiles.main - INFO - 1 change detected
2025-10-27 06:13:05,875 - watchfiles.main - INFO - 1 change detected
2025-10-27 06:13:06,225 - watchfiles.main - INFO - 1 change detected
2025-10-27 06:13:06,576 - watchfiles.main - INFO - 1 change detected
2025-10-27 06:13:06,927 - watchfiles.main - INFO - 1 change detected
2025-10-27 06:13:07,277 - watchfiles.main - INFO - 1 change detected
2025-10-27 06:13:07,628 - watchfiles.main - INFO - 1 change detected
2025-10-27 06:13:07,979 - watchfiles.main - INFO - 1 change detected
2025-10-27 06:13:08,330 - watchfiles.main - INFO - 1 change detected
2025-10-27 06:13:08,681 - watchfiles.main - INFO - 1 change detected
2025-10-27 06:13:09,031 - watchfiles.main - INFO - 1 change detected
2025-10-27 06:13:09,384 - watchfiles.main - INFO - 1 change detected
2025-10-27 06:13:09,735 - watchfiles.main - INFO - 1 change detected
2025-10-27 06:13:10,086 - watchfiles.main - INFO - 1 change detected
2025-10-27 06:13:10,436 - watchfiles.main - INFO - 1 change detected
2025-10-27 06:13:10,787 - watchfiles.main - INFO - 1 change detected
2025-10-27 06:13:11,138 - watchfiles.main - INFO - 1 change detected
2025-10-27 06:13:11,488 - watchfiles.main - INFO - 1 change detected
2025-10-27 06:13:11,840 - watchfiles.main - INFO - 1 change detected
2025-10-27 06:13:12,190 - watchfiles.main - INFO - 1 change detected
2025-10-27 06:13:12,542 - watchfiles.main - INFO - 1 change detected
2025-10-27 06:13:12,892 - watchfiles.main - INFO - 1 change detected
2025-10-27 06:13:13,243 - watchfiles.main - INFO - 1 change detected
2025-10-27 06:13:13,594 - watchfiles.main - INFO - 1 change detected
2025-10-27 06:13:13,945 - watchfiles.main - INFO - 1 change detected
2025-10-27 06:13:14,295 - watchfiles.main - INFO - 1 change detected
2025-10-27 06:13:14,646 - watchfiles.main - INFO - 1 change detected
2025-10-27 06:13:14,997 - watchfiles.main - INFO - 1 change detected
2025-10-27 06:13:15,347 - watchfiles.main - INFO - 1 change detected
2025-10-27 06:13:15,698 - watchfiles.main - INFO - 1 change detected
2025-10-27 06:13:16,049 - watchfiles.main - INFO - 1 change detected
2025-10-27 06:13:16,399 - watchfiles.main - INFO - 1 change detected
2025-10-27 06:13:16,750 - watchfiles.main - INFO - 1 change detected
2025-10-27 06:13:17,101 - watchfiles.main - INFO - 1 change detected
2025-10-27 06:13:17,452 - watchfiles.main - INFO - 1 change detected
2025-10-27 06:13:17,803 - watchfiles.main - INFO - 1 change detected
2025-10-27 06:13:18,153 - watchfiles.main - INFO - 1 change detected
2025-10-27 06:13:18,504 - watchfiles.main - INFO - 1 change detected
2025-10-27 06:13:18,856 - watchfiles.main - INFO - 1 change detected
2025-10-27 06:13:19,206 - watchfiles.main - INFO - 1 change detected
2025-10-27 06:13:19,557 - watchfiles.main - INFO - 1 change detected
2025-10-27 06:13:19,907 - watchfiles.main - INFO - 1 change detected
2025-10-27 06:13:20,259 - watchfiles.main - INFO - 1 change detected
2025-10-27 06:13:20,609 - watchfiles.main - INFO - 1 change detected
2025-10-27 06:13:20,960 - watchfiles.main - INFO - 1 change detected
2025-10-27 06:13:21,311 - watchfiles.main - INFO - 1 change detected
2025-10-27 06:13:21,662 - watchfiles.main - INFO - 1 change detected
2025-10-27 06:13:22,013 - watchfiles.main - INFO - 1 change detected
2025-10-27 06:13:22,363 - watchfiles.main - INFO - 1 change detected
2025-10-27 06:13:22,721 - watchfiles.main - INFO - 1 change detected
2025-10-27 06:13:23,071 - watchfiles.main - INFO - 1 change detected
2025-10-27 06:13:23,422 - watchfiles.main - INFO - 1 change detected
2025-10-27 06:13:23,773 - watchfiles.main - INFO - 1 change detected
2025-10-27 06:13:24,125 - watchfiles.main - INFO - 1 change detected
2025-10-27 06:13:24,476 - watchfiles.main - INFO - 1 change detected
2025-10-27 06:13:24,827 - watchfiles.main - INFO - 1 change detected
2025-10-27 06:13:25,177 - watchfiles.main - INFO - 1 change detected
2025-10-27 06:13:25,529 - watchfiles.main - INFO - 1 change detected
2025-10-27 06:13:25,885 - watchfiles.main - INFO - 1 change detected
2025-10-27 06:13:26,236 - watchfiles.main - INFO - 1 change detected
2025-10-27 06:13:26,586 - watchfiles.main - INFO - 1 change detected
2025-10-27 06:13:26,938 - watchfiles.main - INFO - 1 change detected
2025-10-27 06:13:27,289 - watchfiles.main - INFO - 1 change detected
2025-10-27 06:13:27,640 - watchfiles.main - INFO - 1 change detected
2025-10-27 06:13:27,991 - watchfiles.main - INFO - 1 change detected
2025-10-27 06:13:28,342 - watchfiles.main - INFO - 1 change detected
2025-10-27 06:13:28,693 - watchfiles.main - INFO - 1 change detected
2025-10-27 06:13:29,043 - watchfiles.main - INFO - 1 change detected
2025-10-27 06:13:29,394 - watchfiles.main - INFO - 1 change detected
2025-10-27 06:13:29,744 - watchfiles.main - INFO - 1 change detected
2025-10-27 06:13:30,095 - watchfiles.main - INFO - 1 change detected
2025-10-27 06:13:30,446 - watchfiles.main - INFO - 1 change detected
2025-10-27 06:13:30,796 - watchfiles.main - INFO - 1 change detected
2025-10-27 06:13:31,147 - watchfiles.main - INFO - 1 change detected
2025-10-27 06:13:31,498 - watchfiles.main - INFO - 1 change detected
2025-10-27 06:13:31,848 - watchfiles.main - INFO - 1 change detected
2025-10-27 06:13:32,199 - watchfiles.main - INFO - 1 change detected
2025-10-27 06:13:32,550 - watchfiles.main - INFO - 1 change detected
2025-10-27 06:13:32,901 - watchfiles.main - INFO - 1 change detected
2025-10-27 06:13:33,251 - watchfiles.main - INFO - 1 change detected
2025-10-27 06:13:33,602 - watchfiles.main - INFO - 1 change detected
2025-10-27 06:13:33,953 - watchfiles.main - INFO - 1 change detected
2025-10-27 06:13:34,303 - watchfiles.main - INFO - 1 change detected
2025-10-27 06:13:34,654 - watchfiles.main - INFO - 1 change detected
2025-10-27 06:13:35,005 - watchfiles.main - INFO - 1 change detected
2025-10-27 06:13:35,355 - watchfiles.main - INFO - 1 change detected
2025-10-27 06:13:35,707 - watchfiles.main - INFO - 1 change detected
2025-10-27 06:13:36,058 - watchfiles.main - INFO - 1 change detected
2025-10-27 06:13:36,409 - watchfiles.main - INFO - 1 change detected
2025-10-27 06:13:36,759 - watchfiles.main - INFO - 1 change detected
2025-10-27 06:13:37,115 - watchfiles.main - INFO - 1 change detected
2025-10-27 06:13:37,466 - watchfiles.main - INFO - 3 changes detected
2025-10-27 06:13:37,817 - watchfiles.main - INFO - 10 changes detected
2025-10-27 06:13:38,170 - watchfiles.main - INFO - 1 change detected
2025-10-27 06:13:38,521 - watchfiles.main - INFO - 1 change detected
2025-10-27 06:13:38,873 - watchfiles.main - INFO - 1 change detected
2025-10-27 06:13:39,223 - watchfiles.main - INFO - 1 change detected
2025-10-27 06:13:39,574 - watchfiles.main - INFO - 1 change detected
2025-10-27 06:13:39,928 - watchfiles.main - INFO - 1 change detected
2025-10-27 06:13:40,279 - watchfiles.main - INFO - 1 change detected
2025-10-27 06:13:40,629 - watchfiles.main - INFO - 1 change detected
2025-10-27 06:13:40,980 - watchfiles.main - INFO - 1 change detected
2025-10-27 06:13:41,331 - watchfiles.main - INFO - 1 change detected
2025-10-27 06:13:41,682 - watchfiles.main - INFO - 1 change detected
2025-10-27 06:13:42,032 - watchfiles.main - INFO - 1 change detected
2025-10-27 06:13:42,383 - watchfiles.main - INFO - 1 change detected
2025-10-27 06:13:42,734 - watchfiles.main - INFO - 1 change detected
2025-10-27 06:13:43,085 - watchfiles.main - INFO - 1 change detected
2025-10-27 06:13:43,435 - watchfiles.main - INFO - 1 change detected
2025-10-27 06:13:43,787 - watchfiles.main - INFO - 1 change detected
2025-10-27 06:13:44,138 - watchfiles.main - INFO - 1 change detected
2025-10-27 06:13:44,489 - watchfiles.main - INFO - 1 change detected
2025-10-27 06:13:44,840 - watchfiles.main - INFO - 1 change detected
2025-10-27 06:13:45,191 - watchfiles.main - INFO - 1 change detected
2025-10-27 06:13:45,541 - watchfiles.main - INFO - 1 change detected
2025-10-27 06:13:45,892 - watchfiles.main - INFO - 1 change detected
2025-10-27 06:13:46,243 - watchfiles.main - INFO - 1 change detected
2025-10-27 06:13:46,593 - watchfiles.main - INFO - 1 change detected
2025-10-27 06:13:46,944 - watchfiles.main - INFO - 1 change detected
2025-10-27 06:13:47,296 - watchfiles.main - INFO - 1 change detected
2025-10-27 06:13:47,650 - watchfiles.main - INFO - 1 change detected
2025-10-27 06:13:48,000 - watchfiles.main - INFO - 1 change detected
2025-10-27 06:13:48,351 - watchfiles.main - INFO - 1 change detected
2025-10-27 06:13:48,702 - watchfiles.main - INFO - 1 change detected
2025-10-27 06:13:49,052 - watchfiles.main - INFO - 1 change detected
2025-10-27 06:13:49,405 - watchfiles.main - INFO - 1 change detected
2025-10-27 06:13:49,756 - watchfiles.main - INFO - 1 change detected
2025-10-27 06:13:50,111 - watchfiles.main - INFO - 1 change detected
2025-10-27 06:13:50,461 - watchfiles.main - INFO - 1 change detected
2025-10-27 06:13:50,812 - watchfiles.main - INFO - 1 change detected
2025-10-27 06:13:51,163 - watchfiles.main - INFO - 1 change detected
2025-10-27 06:13:51,513 - watchfiles.main - INFO - 1 change detected
2025-10-27 06:13:51,864 - watchfiles.main - INFO - 1 change detected
2025-10-27 06:13:52,215 - watchfiles.main - INFO - 1 change detected
2025-10-27 06:13:52,567 - watchfiles.main - INFO - 1 change detected
2025-10-27 06:13:52,918 - watchfiles.main - INFO - 1 change detected
2025-10-27 06:13:53,269 - watchfiles.main - INFO - 1 change detected
2025-10-27 06:13:53,619 - watchfiles.main - INFO - 1 change detected
2025-10-27 06:13:53,970 - watchfiles.main - INFO - 1 change detected
2025-10-27 06:13:54,321 - watchfiles.main - INFO - 1 change detected
2025-10-27 06:13:54,671 - watchfiles.main - INFO - 1 change detected
2025-10-27 06:13:55,022 - watchfiles.main - INFO - 1 change detected
2025-10-27 06:13:55,373 - watchfiles.main - INFO - 1 change detected
2025-10-27 06:13:55,723 - watchfiles.main - INFO - 1 change detected
2025-10-27 06:13:56,074 - watchfiles.main - INFO - 1 change detected
2025-10-27 06:13:56,425 - watchfiles.main - INFO - 1 change detected
2025-10-27 06:13:56,775 - watchfiles.main - INFO - 1 change detected
2025-10-27 06:13:57,126 - watchfiles.main - INFO - 1 change detected
2025-10-27 06:13:57,477 - watchfiles.main - INFO - 1 change detected
2025-10-27 06:13:57,828 - watchfiles.main - INFO - 1 change detected
2025-10-27 06:13:58,179 - watchfiles.main - INFO - 1 change detected
2025-10-27 06:13:58,529 - watchfiles.main - INFO - 1 change detected
2025-10-27 06:13:58,880 - watchfiles.main - INFO - 1 change detected
2025-10-27 06:13:59,230 - watchfiles.main - INFO - 1 change detected
2025-10-27 06:13:59,581 - watchfiles.main - INFO - 1 change detected
2025-10-27 06:13:59,933 - watchfiles.main - INFO - 1 change detected
2025-10-27 06:14:00,285 - watchfiles.main - INFO - 1 change detected
2025-10-27 06:14:00,636 - watchfiles.main - INFO - 1 change detected
2025-10-27 06:14:00,987 - watchfiles.main - INFO - 1 change detected
2025-10-27 06:14:01,337 - watchfiles.main - INFO - 1 change detected
2025-10-27 06:14:01,688 - watchfiles.main - INFO - 1 change detected
2025-10-27 06:14:02,038 - watchfiles.main - INFO - 1 change detected
2025-10-27 06:14:02,389 - watchfiles.main - INFO - 1 change detected
2025-10-27 06:14:02,740 - watchfiles.main - INFO - 1 change detected
2025-10-27 06:14:03,090 - watchfiles.main - INFO - 1 change detected
2025-10-27 06:14:03,441 - watchfiles.main - INFO - 1 change detected
2025-10-27 06:14:03,792 - watchfiles.main - INFO - 1 change detected
2025-10-27 06:14:04,143 - watchfiles.main - INFO - 1 change detected
2025-10-27 06:14:04,493 - watchfiles.main - INFO - 1 change detected
2025-10-27 06:14:04,844 - watchfiles.main - INFO - 1 change detected
2025-10-27 06:14:05,195 - watchfiles.main - INFO - 1 change detected
2025-10-27 06:14:05,546 - watchfiles.main - INFO - 1 change detected
2025-10-27 06:14:05,897 - watchfiles.main - INFO - 1 change detected
2025-10-27 06:14:06,247 - watchfiles.main - INFO - 1 change detected
2025-10-27 06:14:06,598 - watchfiles.main - INFO - 1 change detected
2025-10-27 06:14:06,948 - watchfiles.main - INFO - 1 change detected
2025-10-27 06:14:07,299 - watchfiles.main - INFO - 1 change detected
2025-10-27 06:14:07,650 - watchfiles.main - INFO - 1 change detected
2025-10-27 06:14:08,000 - watchfiles.main - INFO - 1 change detected
2025-10-27 06:14:08,351 - watchfiles.main - INFO - 1 change detected
2025-10-27 06:14:08,703 - watchfiles.main - INFO - 1 change detected
2025-10-27 06:14:09,056 - watchfiles.main - INFO - 1 change detected
2025-10-27 06:14:09,407 - watchfiles.main - INFO - 1 change detected
2025-10-27 06:14:09,758 - watchfiles.main - INFO - 1 change detected
2025-10-27 06:14:10,110 - watchfiles.main - INFO - 1 change detected
2025-10-27 06:14:10,463 - watchfiles.main - INFO - 1 change detected
2025-10-27 06:14:10,815 - watchfiles.main - INFO - 1 change detected
2025-10-27 06:14:11,170 - watchfiles.main - INFO - 1 change detected
2025-10-27 06:14:11,522 - watchfiles.main - INFO - 1 change detected
2025-10-27 06:14:11,873 - watchfiles.main - INFO - 1 change detected
2025-10-27 06:14:12,224 - watchfiles.main - INFO - 1 change detected
2025-10-27 06:14:12,577 - watchfiles.main - INFO - 1 change detected
2025-10-27 06:14:12,928 - watchfiles.main - INFO - 1 change detected
2025-10-27 06:14:13,280 - watchfiles.main - INFO - 1 change detected
2025-10-27 06:14:13,631 - watchfiles.main - INFO - 1 change detected
2025-10-27 06:14:13,984 - watchfiles.main - INFO - 1 change detected
2025-10-27 06:14:14,335 - watchfiles.main - INFO - 1 change detected
2025-10-27 06:14:14,685 - watchfiles.main - INFO - 1 change detected
2025-10-27 06:14:15,036 - watchfiles.main - INFO - 1 change detected
2025-10-27 06:14:15,387 - watchfiles.main - INFO - 1 change detected
2025-10-27 06:14:15,738 - watchfiles.main - INFO - 1 change detected
2025-10-27 06:14:16,089 - watchfiles.main - INFO - 1 change detected
2025-10-27 06:14:16,440 - watchfiles.main - INFO - 1 change detected
2025-10-27 06:14:16,790 - watchfiles.main - INFO - 1 change detected
2025-10-27 06:14:17,141 - watchfiles.main - INFO - 1 change detected
2025-10-27 06:14:17,491 - watchfiles.main - INFO - 1 change detected
2025-10-27 06:14:17,843 - watchfiles.main - INFO - 1 change detected
2025-10-27 06:14:18,194 - watchfiles.main - INFO - 1 change detected
2025-10-27 06:14:18,545 - watchfiles.main - INFO - 1 change detected
2025-10-27 06:14:18,896 - watchfiles.main - INFO - 1 change detected
2025-10-27 06:14:19,246 - watchfiles.main - INFO - 1 change detected
2025-10-27 06:14:19,601 - watchfiles.main - INFO - 1 change detected
2025-10-27 06:14:19,952 - watchfiles.main - INFO - 1 change detected
2025-10-27 06:14:20,303 - watchfiles.main - INFO - 1 change detected
2025-10-27 06:14:20,653 - watchfiles.main - INFO - 1 change detected
2025-10-27 06:14:21,004 - watchfiles.main - INFO - 1 change detected
2025-10-27 06:14:21,355 - watchfiles.main - INFO - 1 change detected
2025-10-27 06:14:21,707 - watchfiles.main - INFO - 1 change detected
2025-10-27 06:14:22,059 - watchfiles.main - INFO - 1 change detected
2025-10-27 06:14:22,410 - watchfiles.main - INFO - 1 change detected
2025-10-27 06:14:22,761 - watchfiles.main - INFO - 1 change detected
2025-10-27 06:14:23,112 - watchfiles.main - INFO - 1 change detected
2025-10-27 06:14:23,462 - watchfiles.main - INFO - 1 change detected
2025-10-27 06:14:23,814 - watchfiles.main - INFO - 1 change detected
2025-10-27 06:14:24,164 - watchfiles.main - INFO - 1 change detected
2025-10-27 06:14:24,515 - watchfiles.main - INFO - 1 change detected
2025-10-27 06:14:24,866 - watchfiles.main - INFO - 1 change detected
2025-10-27 06:14:25,217 - watchfiles.main - INFO - 1 change detected
2025-10-27 06:14:25,568 - watchfiles.main - INFO - 1 change detected
2025-10-27 06:14:25,918 - watchfiles.main - INFO - 1 change detected
2025-10-27 06:14:26,269 - watchfiles.main - INFO - 1 change detected
2025-10-27 06:14:26,620 - watchfiles.main - INFO - 1 change detected
2025-10-27 06:14:26,971 - watchfiles.main - INFO - 1 change detected
2025-10-27 06:14:27,326 - watchfiles.main - INFO - 1 change detected
2025-10-27 06:14:27,677 - watchfiles.main - INFO - 1 change detected
2025-10-27 06:14:28,028 - watchfiles.main - INFO - 1 change detected
2025-10-27 06:14:28,378 - watchfiles.main - INFO - 1 change detected
2025-10-27 06:14:28,729 - watchfiles.main - INFO - 1 change detected
2025-10-27 06:14:29,081 - watchfiles.main - INFO - 1 change detected
2025-10-27 06:14:29,431 - watchfiles.main - INFO - 1 change detected
2025-10-27 06:14:29,783 - watchfiles.main - INFO - 1 change detected
2025-10-27 06:14:30,139 - watchfiles.main - INFO - 1 change detected
2025-10-27 06:14:30,490 - watchfiles.main - INFO - 1 change detected
2025-10-27 06:14:30,841 - watchfiles.main - INFO - 1 change detected
2025-10-27 06:14:31,194 - watchfiles.main - INFO - 1 change detected
2025-10-27 06:14:31,546 - watchfiles.main - INFO - 1 change detected
2025-10-27 06:14:31,897 - watchfiles.main - INFO - 1 change detected
2025-10-27 06:14:32,248 - watchfiles.main - INFO - 1 change detected
2025-10-27 06:14:32,598 - watchfiles.main - INFO - 1 change detected
2025-10-27 06:14:32,950 - watchfiles.main - INFO - 1 change detected
2025-10-27 06:14:33,300 - watchfiles.main - INFO - 1 change detected
2025-10-27 06:14:33,651 - watchfiles.main - INFO - 1 change detected
2025-10-27 06:14:34,002 - watchfiles.main - INFO - 1 change detected
2025-10-27 06:14:34,352 - watchfiles.main - INFO - 1 change detected
2025-10-27 06:14:34,706 - watchfiles.main - INFO - 1 change detected
2025-10-27 06:14:35,058 - watchfiles.main - INFO - 1 change detected
2025-10-27 06:14:35,408 - watchfiles.main - INFO - 1 change detected
2025-10-27 06:14:35,759 - watchfiles.main - INFO - 1 change detected
2025-10-27 06:14:36,110 - watchfiles.main - INFO - 1 change detected
2025-10-27 06:14:36,462 - watchfiles.main - INFO - 1 change detected
2025-10-27 06:14:36,813 - watchfiles.main - INFO - 1 change detected
2025-10-27 06:14:37,163 - watchfiles.main - INFO - 1 change detected
2025-10-27 06:14:37,514 - watchfiles.main - INFO - 1 change detected
2025-10-27 06:14:37,865 - watchfiles.main - INFO - 1 change detected
2025-10-27 06:14:38,216 - watchfiles.main - INFO - 1 change detected
2025-10-27 06:14:38,567 - watchfiles.main - INFO - 1 change detected
2025-10-27 06:14:38,917 - watchfiles.main - INFO - 1 change detected
2025-10-27 06:14:39,268 - watchfiles.main - INFO - 1 change detected
2025-10-27 06:14:39,619 - watchfiles.main - INFO - 1 change detected
2025-10-27 06:14:39,969 - watchfiles.main - INFO - 1 change detected
2025-10-27 06:14:40,320 - watchfiles.main - INFO - 1 change detected
2025-10-27 06:14:40,671 - watchfiles.main - INFO - 1 change detected
2025-10-27 06:14:41,021 - watchfiles.main - INFO - 1 change detected
2025-10-27 06:14:41,372 - watchfiles.main - INFO - 1 change detected
2025-10-27 06:14:41,723 - watchfiles.main - INFO - 1 change detected
2025-10-27 06:14:42,073 - watchfiles.main - INFO - 1 change detected
2025-10-27 06:14:42,424 - watchfiles.main - INFO - 1 change detected
2025-10-27 06:14:42,774 - watchfiles.main - INFO - 1 change detected
2025-10-27 06:14:43,125 - watchfiles.main - INFO - 1 change detected
2025-10-27 06:14:43,476 - watchfiles.main - INFO - 1 change detected
2025-10-27 06:14:43,826 - watchfiles.main - INFO - 1 change detected
2025-10-27 06:14:44,177 - watchfiles.main - INFO - 1 change detected
2025-10-27 06:14:44,528 - watchfiles.main - INFO - 1 change detected
2025-10-27 06:14:44,878 - watchfiles.main - INFO - 1 change detected
2025-10-27 06:14:45,229 - watchfiles.main - INFO - 1 change detected
2025-10-27 06:14:45,580 - watchfiles.main - INFO - 1 change detected
2025-10-27 06:14:45,930 - watchfiles.main - INFO - 1 change detected
2025-10-27 06:14:46,281 - watchfiles.main - INFO - 1 change detected
2025-10-27 06:14:46,635 - watchfiles.main - INFO - 1 change detected
2025-10-27 06:14:46,985 - watchfiles.main - INFO - 1 change detected
2025-10-27 06:14:47,336 - watchfiles.main - INFO - 1 change detected
2025-10-27 06:14:47,687 - watchfiles.main - INFO - 1 change detected
2025-10-27 06:14:48,037 - watchfiles.main - INFO - 1 change detected
2025-10-27 06:14:48,388 - watchfiles.main - INFO - 1 change detected
2025-10-27 06:14:48,739 - watchfiles.main - INFO - 1 change detected
2025-10-27 06:14:49,089 - watchfiles.main - INFO - 1 change detected
2025-10-27 06:14:49,440 - watchfiles.main - INFO - 1 change detected
2025-10-27 06:14:49,793 - watchfiles.main - INFO - 1 change detected
2025-10-27 06:14:50,144 - watchfiles.main - INFO - 1 change detected
2025-10-27 06:14:50,495 - watchfiles.main - INFO - 1 change detected
2025-10-27 06:14:50,845 - watchfiles.main - INFO - 1 change detected
2025-10-27 06:14:51,199 - watchfiles.main - INFO - 1 change detected
2025-10-27 06:14:51,549 - watchfiles.main - INFO - 1 change detected
2025-10-27 06:14:51,900 - watchfiles.main - INFO - 1 change detected
2025-10-27 06:14:52,251 - watchfiles.main - INFO - 1 change detected
2025-10-27 06:14:52,601 - watchfiles.main - INFO - 1 change detected
2025-10-27 06:14:52,953 - watchfiles.main - INFO - 1 change detected
2025-10-27 06:14:53,305 - watchfiles.main - INFO - 1 change detected
2025-10-27 06:14:53,656 - watchfiles.main - INFO - 1 change detected
2025-10-27 06:14:54,006 - watchfiles.main - INFO - 1 change detected
2025-10-27 06:14:54,358 - watchfiles.main - INFO - 1 change detected
2025-10-27 06:14:54,710 - watchfiles.main - INFO - 1 change detected
2025-10-27 06:14:55,060 - watchfiles.main - INFO - 1 change detected
2025-10-27 06:14:55,411 - watchfiles.main - INFO - 1 change detected
2025-10-27 06:14:55,762 - watchfiles.main - INFO - 1 change detected
2025-10-27 06:14:56,115 - watchfiles.main - INFO - 1 change detected
2025-10-27 06:14:56,465 - watchfiles.main - INFO - 1 change detected
2025-10-27 06:14:56,816 - watchfiles.main - INFO - 1 change detected
2025-10-27 06:14:57,167 - watchfiles.main - INFO - 1 change detected
2025-10-27 06:14:57,518 - watchfiles.main - INFO - 1 change detected
2025-10-27 06:14:57,868 - watchfiles.main - INFO - 1 change detected
2025-10-27 06:14:58,219 - watchfiles.main - INFO - 1 change detected
2025-10-27 06:14:58,570 - watchfiles.main - INFO - 1 change detected
2025-10-27 06:14:58,920 - watchfiles.main - INFO - 1 change detected
2025-10-27 06:14:59,271 - watchfiles.main - INFO - 1 change detected
2025-10-27 06:14:59,622 - watchfiles.main - INFO - 1 change detected
2025-10-27 06:14:59,972 - watchfiles.main - INFO - 1 change detected
2025-10-27 06:15:00,324 - watchfiles.main - INFO - 1 change detected
2025-10-27 06:15:00,675 - watchfiles.main - INFO - 1 change detected
2025-10-27 06:15:01,026 - watchfiles.main - INFO - 1 change detected
2025-10-27 06:15:01,376 - watchfiles.main - INFO - 1 change detected
2025-10-27 06:15:01,727 - watchfiles.main - INFO - 1 change detected
2025-10-27 06:15:02,078 - watchfiles.main - INFO - 1 change detected
2025-10-27 06:15:02,432 - watchfiles.main - INFO - 1 change detected
2025-10-27 06:15:02,783 - watchfiles.main - INFO - 1 change detected
2025-10-27 06:15:03,133 - watchfiles.main - INFO - 1 change detected
2025-10-27 06:15:03,484 - watchfiles.main - INFO - 1 change detected
2025-10-27 06:15:03,835 - watchfiles.main - INFO - 1 change detected
2025-10-27 06:15:04,185 - watchfiles.main - INFO - 1 change detected
2025-10-27 06:15:04,537 - watchfiles.main - INFO - 1 change detected
2025-10-27 06:15:04,888 - watchfiles.main - INFO - 1 change detected
2025-10-27 06:15:05,239 - watchfiles.main - INFO - 1 change detected
2025-10-27 06:15:05,590 - watchfiles.main - INFO - 1 change detected
2025-10-27 06:15:05,941 - watchfiles.main - INFO - 1 change detected
2025-10-27 06:15:06,291 - watchfiles.main - INFO - 1 change detected
2025-10-27 06:15:06,642 - watchfiles.main - INFO - 1 change detected
2025-10-27 06:15:06,995 - watchfiles.main - INFO - 1 change detected
2025-10-27 06:15:07,346 - watchfiles.main - INFO - 1 change detected
2025-10-27 06:15:07,697 - watchfiles.main - INFO - 1 change detected
2025-10-27 06:15:08,050 - watchfiles.main - INFO - 1 change detected
2025-10-27 06:15:08,401 - watchfiles.main - INFO - 1 change detected
2025-10-27 06:15:08,752 - watchfiles.main - INFO - 1 change detected
2025-10-27 06:15:09,103 - watchfiles.main - INFO - 1 change detected
2025-10-27 06:15:09,453 - watchfiles.main - INFO - 1 change detected
2025-10-27 06:15:09,804 - watchfiles.main - INFO - 1 change detected
2025-10-27 06:15:10,155 - watchfiles.main - INFO - 1 change detected
2025-10-27 06:15:10,506 - watchfiles.main - INFO - 1 change detected
2025-10-27 06:15:10,857 - watchfiles.main - INFO - 1 change detected
2025-10-27 06:15:11,207 - watchfiles.main - INFO - 1 change detected
2025-10-27 06:15:11,558 - watchfiles.main - INFO - 1 change detected
2025-10-27 06:15:11,909 - watchfiles.main - INFO - 1 change detected
2025-10-27 06:15:12,259 - watchfiles.main - INFO - 1 change detected
2025-10-27 06:15:12,610 - watchfiles.main - INFO - 1 change detected
2025-10-27 06:15:12,962 - watchfiles.main - INFO - 1 change detected
2025-10-27 06:15:13,313 - watchfiles.main - INFO - 1 change detected
2025-10-27 06:15:13,665 - watchfiles.main - INFO - 1 change detected
2025-10-27 06:15:14,016 - watchfiles.main - INFO - 1 change detected
2025-10-27 06:15:14,366 - watchfiles.main - INFO - 1 change detected
2025-10-27 06:15:14,717 - watchfiles.main - INFO - 1 change detected
2025-10-27 06:15:15,068 - watchfiles.main - INFO - 1 change detected
2025-10-27 06:15:15,420 - watchfiles.main - INFO - 1 change detected
2025-10-27 06:15:15,770 - watchfiles.main - INFO - 1 change detected
2025-10-27 06:15:16,121 - watchfiles.main - INFO - 1 change detected
2025-10-27 06:15:16,472 - watchfiles.main - INFO - 1 change detected
2025-10-27 06:15:16,824 - watchfiles.main - INFO - 1 change detected
2025-10-27 06:15:17,175 - watchfiles.main - INFO - 1 change detected
2025-10-27 06:15:17,526 - watchfiles.main - INFO - 1 change detected
2025-10-27 06:15:17,880 - watchfiles.main - INFO - 1 change detected
2025-10-27 06:15:18,230 - watchfiles.main - INFO - 1 change detected
2025-10-27 06:15:18,581 - watchfiles.main - INFO - 1 change detected
2025-10-27 06:15:18,932 - watchfiles.main - INFO - 1 change detected
2025-10-27 06:15:19,283 - watchfiles.main - INFO - 1 change detected
2025-10-27 06:15:19,633 - watchfiles.main - INFO - 1 change detected
2025-10-27 06:15:19,984 - watchfiles.main - INFO - 1 change detected
2025-10-27 06:15:20,335 - watchfiles.main - INFO - 1 change detected
2025-10-27 06:15:20,685 - watchfiles.main - INFO - 1 change detected
2025-10-27 06:15:21,036 - watchfiles.main - INFO - 1 change detected
2025-10-27 06:15:21,386 - watchfiles.main - INFO - 1 change detected
2025-10-27 06:15:21,737 - watchfiles.main - INFO - 1 change detected
2025-10-27 06:15:22,088 - watchfiles.main - INFO - 1 change detected
2025-10-27 06:15:22,439 - watchfiles.main - INFO - 1 change detected
2025-10-27 06:15:22,789 - watchfiles.main - INFO - 1 change detected
2025-10-27 06:15:23,140 - watchfiles.main - INFO - 1 change detected
2025-10-27 06:15:23,491 - watchfiles.main - INFO - 1 change detected
2025-10-27 06:15:23,841 - watchfiles.main - INFO - 1 change detected
2025-10-27 06:15:24,192 - watchfiles.main - INFO - 1 change detected
2025-10-27 06:15:24,543 - watchfiles.main - INFO - 1 change detected
2025-10-27 06:15:24,893 - watchfiles.main - INFO - 1 change detected
2025-10-27 06:15:25,244 - watchfiles.main - INFO - 1 change detected
2025-10-27 06:15:25,596 - watchfiles.main - INFO - 1 change detected
2025-10-27 06:15:25,947 - watchfiles.main - INFO - 1 change detected
2025-10-27 06:15:26,298 - watchfiles.main - INFO - 1 change detected
2025-10-27 06:15:26,649 - watchfiles.main - INFO - 1 change detected
2025-10-27 06:15:26,999 - watchfiles.main - INFO - 1 change detected
2025-10-27 06:15:27,350 - watchfiles.main - INFO - 1 change detected
2025-10-27 06:15:27,703 - watchfiles.main - INFO - 1 change detected
2025-10-27 06:15:28,053 - watchfiles.main - INFO - 1 change detected
2025-10-27 06:15:28,404 - watchfiles.main - INFO - 1 change detected
2025-10-27 06:15:28,754 - watchfiles.main - INFO - 1 change detected
2025-10-27 06:15:29,105 - watchfiles.main - INFO - 1 change detected
2025-10-27 06:15:29,456 - watchfiles.main - INFO - 1 change detected
2025-10-27 06:15:29,807 - watchfiles.main - INFO - 1 change detected
2025-10-27 06:15:30,158 - watchfiles.main - INFO - 1 change detected
2025-10-27 06:15:30,508 - watchfiles.main - INFO - 1 change detected
2025-10-27 06:15:30,859 - watchfiles.main - INFO - 1 change detected
2025-10-27 06:15:31,210 - watchfiles.main - INFO - 1 change detected
2025-10-27 06:15:31,560 - watchfiles.main - INFO - 1 change detected
2025-10-27 06:15:31,911 - watchfiles.main - INFO - 1 change detected
2025-10-27 06:15:32,263 - watchfiles.main - INFO - 1 change detected
2025-10-27 06:15:32,613 - watchfiles.main - INFO - 1 change detected
2025-10-27 06:15:32,964 - watchfiles.main - INFO - 1 change detected
2025-10-27 06:15:33,315 - watchfiles.main - INFO - 1 change detected
2025-10-27 06:15:33,665 - watchfiles.main - INFO - 1 change detected
2025-10-27 06:15:34,016 - watchfiles.main - INFO - 1 change detected
2025-10-27 06:15:34,366 - watchfiles.main - INFO - 1 change detected
2025-10-27 06:15:34,717 - watchfiles.main - INFO - 1 change detected
2025-10-27 06:15:35,069 - watchfiles.main - INFO - 1 change detected
2025-10-27 06:15:35,420 - watchfiles.main - INFO - 1 change detected
2025-10-27 06:15:35,770 - watchfiles.main - INFO - 1 change detected
2025-10-27 06:15:36,123 - watchfiles.main - INFO - 1 change detected
2025-10-27 06:15:36,474 - watchfiles.main - INFO - 1 change detected
2025-10-27 06:15:36,825 - watchfiles.main - INFO - 1 change detected
2025-10-27 06:15:37,175 - watchfiles.main - INFO - 1 change detected
2025-10-27 06:15:37,526 - watchfiles.main - INFO - 1 change detected
2025-10-27 06:15:37,876 - watchfiles.main - INFO - 1 change detected
2025-10-27 06:15:38,227 - watchfiles.main - INFO - 1 change detected
2025-10-27 06:15:38,579 - watchfiles.main - INFO - 1 change detected
2025-10-27 06:15:38,930 - watchfiles.main - INFO - 1 change detected
2025-10-27 06:15:39,281 - watchfiles.main - INFO - 1 change detected
2025-10-27 06:15:39,631 - watchfiles.main - INFO - 1 change detected
2025-10-27 06:15:39,983 - watchfiles.main - INFO - 1 change detected
2025-10-27 06:15:40,333 - watchfiles.main - INFO - 1 change detected
2025-10-27 06:15:40,684 - watchfiles.main - INFO - 1 change detected
2025-10-27 06:15:41,036 - watchfiles.main - INFO - 1 change detected
2025-10-27 06:15:41,387 - watchfiles.main - INFO - 1 change detected
2025-10-27 06:15:41,738 - watchfiles.main - INFO - 1 change detected
2025-10-27 06:15:42,090 - watchfiles.main - INFO - 1 change detected
2025-10-27 06:15:42,441 - watchfiles.main - INFO - 1 change detected
2025-10-27 06:15:42,792 - watchfiles.main - INFO - 1 change detected
2025-10-27 06:15:43,144 - watchfiles.main - INFO - 1 change detected
2025-10-27 06:15:43,495 - watchfiles.main - INFO - 1 change detected
2025-10-27 06:15:43,848 - watchfiles.main - INFO - 1 change detected
2025-10-27 06:15:44,199 - watchfiles.main - INFO - 1 change detected
2025-10-27 06:15:44,551 - watchfiles.main - INFO - 1 change detected
2025-10-27 06:15:44,902 - watchfiles.main - INFO - 1 change detected
2025-10-27 06:15:45,252 - watchfiles.main - INFO - 1 change detected
2025-10-27 06:15:45,605 - watchfiles.main - INFO - 1 change detected
2025-10-27 06:15:45,957 - watchfiles.main - INFO - 1 change detected
2025-10-27 06:15:46,307 - watchfiles.main - INFO - 1 change detected
2025-10-27 06:15:46,658 - watchfiles.main - INFO - 1 change detected
2025-10-27 06:15:47,009 - watchfiles.main - INFO - 1 change detected
2025-10-27 06:15:47,361 - watchfiles.main - INFO - 1 change detected
2025-10-27 06:15:47,711 - watchfiles.main - INFO - 1 change detected
2025-10-27 06:15:48,063 - watchfiles.main - INFO - 1 change detected
2025-10-27 06:15:48,414 - watchfiles.main - INFO - 1 change detected
2025-10-27 06:15:48,764 - watchfiles.main - INFO - 1 change detected
2025-10-27 06:15:49,115 - watchfiles.main - INFO - 1 change detected
2025-10-27 06:15:49,468 - watchfiles.main - INFO - 1 change detected
2025-10-27 06:15:49,820 - watchfiles.main - INFO - 1 change detected
2025-10-27 06:15:50,172 - watchfiles.main - INFO - 1 change detected
2025-10-27 06:15:50,522 - watchfiles.main - INFO - 1 change detected
2025-10-27 06:15:50,873 - watchfiles.main - INFO - 1 change detected
2025-10-27 06:15:51,224 - watchfiles.main - INFO - 1 change detected
2025-10-27 06:15:51,575 - watchfiles.main - INFO - 1 change detected
2025-10-27 06:15:51,925 - watchfiles.main - INFO - 1 change detected
2025-10-27 06:15:52,276 - watchfiles.main - INFO - 1 change detected
2025-10-27 06:15:52,627 - watchfiles.main - INFO - 1 change detected
2025-10-27 06:15:52,978 - watchfiles.main - INFO - 1 change detected
2025-10-27 06:15:53,329 - watchfiles.main - INFO - 1 change detected
2025-10-27 06:15:53,680 - watchfiles.main - INFO - 1 change detected
2025-10-27 06:15:54,030 - watchfiles.main - INFO - 1 change detected
2025-10-27 06:15:54,381 - watchfiles.main - INFO - 1 change detected
2025-10-27 06:15:54,732 - watchfiles.main - INFO - 1 change detected
2025-10-27 06:15:55,082 - watchfiles.main - INFO - 1 change detected
2025-10-27 06:15:55,433 - watchfiles.main - INFO - 1 change detected
2025-10-27 06:15:55,784 - watchfiles.main - INFO - 1 change detected
2025-10-27 06:15:56,135 - watchfiles.main - INFO - 1 change detected
2025-10-27 06:15:56,485 - watchfiles.main - INFO - 1 change detected
2025-10-27 06:15:56,837 - watchfiles.main - INFO - 1 change detected
2025-10-27 06:15:57,191 - watchfiles.main - INFO - 1 change detected
2025-10-27 06:15:57,542 - watchfiles.main - INFO - 1 change detected
2025-10-27 06:15:57,893 - watchfiles.main - INFO - 1 change detected
2025-10-27 06:15:58,243 - watchfiles.main - INFO - 1 change detected
2025-10-27 06:15:58,594 - watchfiles.main - INFO - 1 change detected
2025-10-27 06:15:58,945 - watchfiles.main - INFO - 1 change detected
2025-10-27 06:15:59,300 - watchfiles.main - INFO - 1 change detected
2025-10-27 06:15:59,651 - watchfiles.main - INFO - 1 change detected
2025-10-27 06:16:00,002 - watchfiles.main - INFO - 1 change detected
2025-10-27 06:16:00,353 - watchfiles.main - INFO - 1 change detected
2025-10-27 06:16:00,703 - watchfiles.main - INFO - 1 change detected
2025-10-27 06:16:01,054 - watchfiles.main - INFO - 1 change detected
2025-10-27 06:16:01,405 - watchfiles.main - INFO - 1 change detected
2025-10-27 06:16:01,756 - watchfiles.main - INFO - 1 change detected
2025-10-27 06:16:02,107 - watchfiles.main - INFO - 1 change detected
2025-10-27 06:16:02,457 - watchfiles.main - INFO - 1 change detected
2025-10-27 06:16:02,808 - watchfiles.main - INFO - 1 change detected
2025-10-27 06:16:03,159 - watchfiles.main - INFO - 1 change detected
2025-10-27 06:16:03,509 - watchfiles.main - INFO - 1 change detected
2025-10-27 06:16:03,860 - watchfiles.main - INFO - 1 change detected
2025-10-27 06:16:04,210 - watchfiles.main - INFO - 1 change detected
2025-10-27 06:16:04,563 - watchfiles.main - INFO - 1 change detected
2025-10-27 06:16:04,915 - watchfiles.main - INFO - 1 change detected
2025-10-27 06:16:05,265 - watchfiles.main - INFO - 1 change detected
2025-10-27 06:16:05,620 - watchfiles.main - INFO - 1 change detected
2025-10-27 06:16:05,970 - watchfiles.main - INFO - 1 change detected
2025-10-27 06:16:06,321 - watchfiles.main - INFO - 1 change detected
2025-10-27 06:16:06,676 - watchfiles.main - INFO - 1 change detected
2025-10-27 06:16:07,027 - watchfiles.main - INFO - 1 change detected
2025-10-27 06:16:07,378 - watchfiles.main - INFO - 1 change detected
2025-10-27 06:16:07,729 - watchfiles.main - INFO - 1 change detected
2025-10-27 06:16:08,084 - watchfiles.main - INFO - 1 change detected
2025-10-27 06:16:08,435 - watchfiles.main - INFO - 1 change detected
2025-10-27 06:16:08,786 - watchfiles.main - INFO - 1 change detected
2025-10-27 06:16:09,137 - watchfiles.main - INFO - 1 change detected
2025-10-27 06:16:09,487 - watchfiles.main - INFO - 1 change detected
2025-10-27 06:16:09,838 - watchfiles.main - INFO - 1 change detected
2025-10-27 06:16:10,189 - watchfiles.main - INFO - 1 change detected
2025-10-27 06:16:10,539 - watchfiles.main - INFO - 1 change detected
2025-10-27 06:16:10,892 - watchfiles.main - INFO - 1 change detected
2025-10-27 06:16:11,243 - watchfiles.main - INFO - 1 change detected
2025-10-27 06:16:11,594 - watchfiles.main - INFO - 1 change detected
2025-10-27 06:16:11,945 - watchfiles.main - INFO - 1 change detected
2025-10-27 06:16:12,296 - watchfiles.main - INFO - 1 change detected
2025-10-27 06:16:12,648 - watchfiles.main - INFO - 1 change detected
2025-10-27 06:16:12,999 - watchfiles.main - INFO - 1 change detected
2025-10-27 06:16:13,350 - watchfiles.main - INFO - 1 change detected
2025-10-27 06:16:13,701 - watchfiles.main - INFO - 1 change detected
2025-10-27 06:16:14,053 - watchfiles.main - INFO - 1 change detected
2025-10-27 06:16:14,404 - watchfiles.main - INFO - 1 change detected
2025-10-27 06:16:14,755 - watchfiles.main - INFO - 1 change detected
2025-10-27 06:16:15,106 - watchfiles.main - INFO - 1 change detected
2025-10-27 06:16:15,457 - watchfiles.main - INFO - 1 change detected
2025-10-27 06:16:15,807 - watchfiles.main - INFO - 1 change detected
2025-10-27 06:16:16,159 - watchfiles.main - INFO - 1 change detected
2025-10-27 06:16:16,515 - watchfiles.main - INFO - 1 change detected
2025-10-27 06:16:16,865 - watchfiles.main - INFO - 1 change detected
2025-10-27 06:16:17,216 - watchfiles.main - INFO - 1 change detected
2025-10-27 06:16:17,567 - watchfiles.main - INFO - 1 change detected
2025-10-27 06:16:17,918 - watchfiles.main - INFO - 1 change detected
2025-10-27 06:16:18,268 - watchfiles.main - INFO - 1 change detected
2025-10-27 06:16:18,619 - watchfiles.main - INFO - 1 change detected
2025-10-27 06:16:18,969 - watchfiles.main - INFO - 1 change detected
2025-10-27 06:16:19,320 - watchfiles.main - INFO - 1 change detected
2025-10-27 06:16:19,671 - watchfiles.main - INFO - 1 change detected
2025-10-27 06:16:20,021 - watchfiles.main - INFO - 1 change detected
2025-10-27 06:16:20,377 - watchfiles.main - INFO - 1 change detected
2025-10-27 06:16:20,728 - watchfiles.main - INFO - 1 change detected
2025-10-27 06:16:21,078 - watchfiles.main - INFO - 1 change detected
2025-10-27 06:16:21,429 - watchfiles.main - INFO - 1 change detected
2025-10-27 06:16:21,781 - watchfiles.main - INFO - 1 change detected
2025-10-27 06:16:22,132 - watchfiles.main - INFO - 1 change detected
2025-10-27 06:16:22,483 - watchfiles.main - INFO - 1 change detected
2025-10-27 06:16:22,834 - watchfiles.main - INFO - 1 change detected
2025-10-27 06:16:23,185 - watchfiles.main - INFO - 1 change detected
2025-10-27 06:16:23,536 - watchfiles.main - INFO - 1 change detected
2025-10-27 06:16:23,887 - watchfiles.main - INFO - 1 change detected
2025-10-27 06:16:24,238 - watchfiles.main - INFO - 1 change detected
2025-10-27 06:16:24,589 - watchfiles.main - INFO - 1 change detected
2025-10-27 06:16:24,940 - watchfiles.main - INFO - 1 change detected
2025-10-27 06:16:25,290 - watchfiles.main - INFO - 1 change detected
2025-10-27 06:16:25,641 - watchfiles.main - INFO - 1 change detected
2025-10-27 06:16:25,992 - watchfiles.main - INFO - 1 change detected
2025-10-27 06:16:26,343 - watchfiles.main - INFO - 1 change detected
2025-10-27 06:16:26,694 - watchfiles.main - INFO - 1 change detected
2025-10-27 06:16:27,044 - watchfiles.main - INFO - 1 change detected
2025-10-27 06:16:27,395 - watchfiles.main - INFO - 1 change detected
2025-10-27 06:16:27,746 - watchfiles.main - INFO - 1 change detected
2025-10-27 06:16:28,096 - watchfiles.main - INFO - 1 change detected
2025-10-27 06:16:28,447 - watchfiles.main - INFO - 1 change detected
2025-10-27 06:16:28,798 - watchfiles.main - INFO - 1 change detected
2025-10-27 06:16:29,148 - watchfiles.main - INFO - 1 change detected
2025-10-27 06:16:29,499 - watchfiles.main - INFO - 1 change detected
2025-10-27 06:16:29,850 - watchfiles.main - INFO - 1 change detected
2025-10-27 06:16:30,200 - watchfiles.main - INFO - 1 change detected
2025-10-27 06:16:30,551 - watchfiles.main - INFO - 1 change detected
2025-10-27 06:16:30,902 - watchfiles.main - INFO - 1 change detected
2025-10-27 06:16:31,253 - watchfiles.main - INFO - 1 change detected
2025-10-27 06:16:31,604 - watchfiles.main - INFO - 1 change detected
2025-10-27 06:16:31,955 - watchfiles.main - INFO - 1 change detected
2025-10-27 06:16:32,306 - watchfiles.main - INFO - 1 change detected
2025-10-27 06:16:32,657 - watchfiles.main - INFO - 1 change detected
2025-10-27 06:16:33,009 - watchfiles.main - INFO - 1 change detected
2025-10-27 06:16:33,363 - watchfiles.main - INFO - 1 change detected
2025-10-27 06:16:33,725 - watchfiles.main - INFO - 1 change detected
2025-10-27 06:16:34,076 - watchfiles.main - INFO - 1 change detected
2025-10-27 06:16:34,426 - watchfiles.main - INFO - 1 change detected
2025-10-27 06:16:34,777 - watchfiles.main - INFO - 1 change detected
2025-10-27 06:16:35,128 - watchfiles.main - INFO - 1 change detected
2025-10-27 06:16:35,479 - watchfiles.main - INFO - 1 change detected
2025-10-27 06:16:35,829 - watchfiles.main - INFO - 1 change detected
2025-10-27 06:16:36,180 - watchfiles.main - INFO - 1 change detected
2025-10-27 06:16:36,532 - watchfiles.main - INFO - 1 change detected
2025-10-27 06:16:36,883 - watchfiles.main - INFO - 1 change detected
2025-10-27 06:16:37,234 - watchfiles.main - INFO - 1 change detected
2025-10-27 06:16:37,585 - watchfiles.main - INFO - 1 change detected
2025-10-27 06:16:37,935 - watchfiles.main - INFO - 1 change detected
2025-10-27 06:16:38,287 - watchfiles.main - INFO - 1 change detected
2025-10-27 06:16:38,639 - watchfiles.main - INFO - 1 change detected
2025-10-27 06:16:38,989 - watchfiles.main - INFO - 1 change detected
2025-10-27 06:16:39,340 - watchfiles.main - INFO - 1 change detected
2025-10-27 06:16:39,692 - watchfiles.main - INFO - 1 change detected
2025-10-27 06:16:40,042 - watchfiles.main - INFO - 1 change detected
2025-10-27 06:16:40,393 - watchfiles.main - INFO - 1 change detected
2025-10-27 06:16:40,743 - watchfiles.main - INFO - 1 change detected
2025-10-27 06:16:41,094 - watchfiles.main - INFO - 1 change detected
2025-10-27 06:16:41,445 - watchfiles.main - INFO - 1 change detected
2025-10-27 06:16:41,795 - watchfiles.main - INFO - 1 change detected
2025-10-27 06:16:42,146 - watchfiles.main - INFO - 1 change detected
2025-10-27 06:16:42,496 - watchfiles.main - INFO - 1 change detected
2025-10-27 06:16:42,847 - watchfiles.main - INFO - 1 change detected
2025-10-27 06:16:43,198 - watchfiles.main - INFO - 1 change detected
2025-10-27 06:16:43,549 - watchfiles.main - INFO - 1 change detected
2025-10-27 06:16:43,900 - watchfiles.main - INFO - 1 change detected
2025-10-27 06:16:44,251 - watchfiles.main - INFO - 1 change detected
2025-10-27 06:16:44,601 - watchfiles.main - INFO - 1 change detected
2025-10-27 06:16:44,952 - watchfiles.main - INFO - 1 change detected
2025-10-27 06:16:45,303 - watchfiles.main - INFO - 1 change detected
2025-10-27 06:16:45,654 - watchfiles.main - INFO - 1 change detected
2025-10-27 06:16:46,004 - watchfiles.main - INFO - 1 change detected
2025-10-27 06:16:46,355 - watchfiles.main - INFO - 1 change detected
2025-10-27 06:16:46,706 - watchfiles.main - INFO - 1 change detected
2025-10-27 06:16:47,057 - watchfiles.main - INFO - 1 change detected
2025-10-27 06:16:47,408 - watchfiles.main - INFO - 1 change detected
